-------------------------------------------------------------------------------
Test set: com.example.demo.CoronavirusTrackerApplicationTests
-------------------------------------------------------------------------------
Tests run: 1, Failures: 0, Errors: 1, Skipped: 0, Time elapsed: 61.878 s <<< FAILURE! - in com.example.demo.CoronavirusTrackerApplicationTests
contextLoads  Time elapsed: 0.004 s  <<< ERROR!
java.lang.IllegalStateException: Failed to load ApplicationContext
Caused by: org.springframework.beans.factory.UnsatisfiedDependencyException: Error creating bean with name 'homeController': Unsatisfied dependency expressed through method 'setCrnService' parameter 0; nested exception is org.springframework.beans.factory.BeanCreationException: Error creating bean with name 'coronaVirusDataServices': Invocation of init method failed; nested exception is java.net.ConnectException
Caused by: org.springframework.beans.factory.BeanCreationException: Error creating bean with name 'coronaVirusDataServices': Invocation of init method failed; nested exception is java.net.ConnectException
Caused by: java.net.ConnectException
Caused by: java.net.ConnectException
Caused by: java.nio.channels.ClosedChannelException

